TaskFlow/SecurityRelease/app/build/outputs/mapping/release/configuration.txt
# The proguard configuration file for the following section is Android Gradle plugin 9.3.1 (extracted file: D:\Desktop\WE_Intern\Week 6 Task 5\SecurityRelease\app\build\intermediates\default_proguard_files\global\proguard-android-optimize.txt-9.3.1)
# This is a configuration file for ProGuard.
# http://proguard.sourceforge.net/index.html#manual/usage.html
#
# Starting with version 2.2 of the Android plugin for Gradle, this file is distributed together with
# the plugin and unpacked at build-time. The files in $ANDROID_HOME are no longer maintained and
# will be ignored by new version of the Android plugin for Gradle.

# Optimizations: If you don't want to optimize, use the proguard-android.txt configuration file
# instead of this one, which turns off the optimization flags.
-allowaccessmodification

# Preserve some attributes that may be required for reflection.
-keepattributes AnnotationDefault,
                EnclosingMethod,
                InnerClasses,
                RuntimeVisibleAnnotations,
                RuntimeVisibleParameterAnnotations,
                RuntimeVisibleTypeAnnotations,
                Signature

-keep public class com.google.vending.licensing.ILicensingService
-keep public class com.android.vending.licensing.ILicensingService
-keep public class com.google.android.vending.licensing.ILicensingService
-dontnote com.android.vending.licensing.ILicensingService
-dontnote com.google.vending.licensing.ILicensingService
-dontnote com.google.android.vending.licensing.ILicensingService

# For native methods, see https://www.guardsquare.com/manual/configuration/examples#native
-keepclasseswithmembernames,includedescriptorclasses class * {
    native <methods>;
}

# Keep setters in Views so that animations can still work.
-keepclassmembers public class * extends android.view.View {
    void set*(***);
    *** get*();
}

# We want to keep methods in Activity that could be used in the XML attribute onClick.
-keepclassmembers class * extends android.app.Activity {
    public void *(android.view.View);
}

# For enumeration classes, see https://www.guardsquare.com/manual/configuration/examples#enumerations
-keepclassmembers enum * {
    public static **[] values();
    public static ** valueOf(java.lang.String);
}

-keepclassmembers class * implements android.os.Parcelable {
    public static final ** CREATOR;
}

# Preserve annotated Javascript interface methods.
-keepclassmembers class * {
    @android.webkit.JavascriptInterface <methods>;
}

# The support libraries contains references to newer platform versions.
# Don't warn about those in case this app is linking against an older
# platform version. We know about them, and they are safe.
-dontnote android.support.**
-dontnote androidx.**
-dontwarn android.support.**
-dontwarn androidx.**

# Understand the @Keep support annotation.
-keep class android.support.annotation.Keep

-keep @android.support.annotation.Keep class * {*;}

-keepclasseswithmembers class * {
    @android.support.annotation.Keep <methods>;
}

-keepclasseswithmembers class * {
    @android.support.annotation.Keep <fields>;
}

-keepclasseswithmembers class * {
    @android.support.annotation.Keep <init>(...);
}

# These classes are duplicated between android.jar and org.apache.http.legacy.jar.
-dontnote org.apache.http.**
-dontnote android.net.http.**

# These classes are duplicated between android.jar and core-lambda-stubs.jar.
-dontnote java.lang.invoke.**

# End of content from Android Gradle plugin 9.3.1 (extracted file: D:\Desktop\WE_Intern\Week 6 Task 5\SecurityRelease\app\build\intermediates\default_proguard_files\global\proguard-android-optimize.txt-9.3.1)
# The proguard configuration file for the following section is SecurityRelease\app\proguard-rules.pro
############################################
# Day 10 - R8 / ProGuard Rules
############################################

# Keep API data classes.
#
# These classes are converted from JSON
# responses returned by the server.

-keep class com.example.securityrelease.data.model.** {
    *;
}

############################################
# Keep Gson serialized fields
############################################

-keepclassmembers class com.example.securityrelease.data.model.** {
    <fields>;
}

############################################
# Keep Retrofit interfaces
############################################

-keep interface com.example.securityrelease.data.ApiService {
    *;
}
# End of content from SecurityRelease\app\proguard-rules.pro
# The proguard configuration file for the following section is androidx.compose.material3:material3-android:1.4.0 (extracted file: C:\Users\Dell\.gradle\caches\9.5.0\transforms\902d6eaeb9a9066358e20d0aab50b23e\transformed\material3\proguard.txt)
# Intentionally empty proguard rules to indicate this library is safe to shrink

# End of content from androidx.compose.material3:material3-android:1.4.0 (extracted file: C:\Users\Dell\.gradle\caches\9.5.0\transforms\902d6eaeb9a9066358e20d0aab50b23e\transformed\material3\proguard.txt)
# The proguard configuration file for the following section is androidx.compose.animation:animation-core-android:1.10.4 (extracted file: C:\Users\Dell\.gradle\caches\9.5.0\transforms\be281b1e01647de909f01bbf5a3f2ae9\transformed\animation-core\proguard.txt)
# Copyright (C) 2020 The Android Open Source Project
#
# Licensed under the Apache License, Version 2.0 (the "License");
# you may not use this file except in compliance with the License.
# You may obtain a copy of the License at
#
#      http://www.apache.org/licenses/LICENSE-2.0
#
# Unless required by applicable law or agreed to in writing, software
# distributed under the License is distributed on an "AS IS" BASIS,
# WITHOUT WARRANTIES OR CONDITIONS OF ANY KIND, either express or implied.
# See the License for the specific language governing permissions and
# limitations under the License.

# Keep all the functions created to throw an exception. We don't want these functions to be
# inlined in any way, which R8 will do by default. The whole point of these functions is to
# reduce the amount of code generated at the call site.
-keepclassmembers,allowshrinking,allowobfuscation class androidx.compose.**.* {
    static void throw*Exception(...);
    static void throw*ExceptionForNullCheck(...);
    # For methods returning Nothing
    static java.lang.Void throw*Exception(...);
    static java.lang.Void throw*ExceptionForNullCheck(...);
}

# End of content from androidx.compose.animation:animation-core-android:1.10.4 (extracted file: C:\Users\Dell\.gradle\caches\9.5.0\transforms\be281b1e01647de909f01bbf5a3f2ae9\transformed\animation-core\proguard.txt)
# The proguard configuration file for the following section is androidx.compose.material:material-ripple-android:1.10.4 (extracted file: C:\Users\Dell\.gradle\caches\9.5.0\transforms\88e01d3157a942099ea698f794d88c2f\transformed\material-ripple\proguard.txt)
# Intentionally empty proguard rules to indicate this library is safe to shrink

# End of content from androidx.compose.material:material-ripple-android:1.10.4 (extracted file: C:\Users\Dell\.gradle\caches\9.5.0\transforms\88e01d3157a942099ea698f794d88c2f\transformed\material-ripple\proguard.txt)
# The proguard configuration file for the following section is androidx.compose.animation:animation-android:1.10.4 (extracted file: C:\Users\Dell\.gradle\caches\9.5.0\transforms\69fbd310a6b845f735f8760f9344b74b\transformed\animation\proguard.txt)
# Intentionally empty proguard rules to indicate this library is safe to shrink

# End of content from androidx.compose.animation:animation-android:1.10.4 (extracted file: C:\Users\Dell\.gradle\caches\9.5.0\transforms\69fbd310a6b845f735f8760f9344b74b\transformed\animation\proguard.txt)
# The proguard configuration file for the following section is androidx.compose.foundation:foundation-layout-android:1.10.4 (extracted file: C:\Users\Dell\.gradle\caches\9.5.0\transforms\a213c919310851478aae7818f9cf36de\transformed\foundation-layout\proguard.txt)
# Copyright (C) 2020 The Android Open Source Project
#
# Licensed under the Apache License, Version 2.0 (the "License");
# you may not use this file except in compliance with the License.
# You may obtain a copy of the License at
#
#      http://www.apache.org/licenses/LICENSE-2.0
#
# Unless required by applicable law or agreed to in writing, software
# distributed under the License is distributed on an "AS IS" BASIS,
# WITHOUT WARRANTIES OR CONDITIONS OF ANY KIND, either express or implied.
# See the License for the specific language governing permissions and
# limitations under the License.

# Keep all the functions created to throw an exception. We don't want these functions to be
# inlined in any way, which R8 will do by default. The whole point of these functions is to
# reduce the amount of code generated at the call site.
-keepclassmembers,allowshrinking,allowobfuscation class androidx.compose.**.* {
    static void throw*Exception(...);
    static void throw*ExceptionForNullCheck(...);
    # For methods returning Nothing
    static java.lang.Void throw*Exception(...);
    static java.lang.Void throw*ExceptionForNullCheck(...);
}

# End of content from androidx.compose.foundation:foundation-layout-android:1.10.4 (extracted file: C:\Users\Dell\.gradle\caches\9.5.0\transforms\a213c919310851478aae7818f9cf36de\transformed\foundation-layout\proguard.txt)
# The proguard configuration file for the following section is androidx.compose.foundation:foundation-android:1.10.4 (extracted file: C:\Users\Dell\.gradle\caches\9.5.0\transforms\e94df3b7b2344efeaf9b2192c612a310\transformed\foundation\proguard.txt)
# Copyright (C) 2020 The Android Open Source Project
#
# Licensed under the Apache License, Version 2.0 (the "License");
# you may not use this file except in compliance with the License.
# You may obtain a copy of the License at
#
#      http://www.apache.org/licenses/LICENSE-2.0
#
# Unless required by applicable law or agreed to in writing, software
# distributed under the License is distributed on an "AS IS" BASIS,
# WITHOUT WARRANTIES OR CONDITIONS OF ANY KIND, either express or implied.
# See the License for the specific language governing permissions and
# limitations under the License.

# Keep all the functions created to throw an exception. We don't want these functions to be
# inlined in any way, which R8 will do by default. The whole point of these functions is to
# reduce the amount of code generated at the call site.
-keepclassmembers,allowshrinking,allowobfuscation class androidx.compose.**.* {
    static void throw*Exception(...);
    # For methods returning Nothing
    static java.lang.Void throw*Exception(...);
}


# End of content from androidx.compose.foundation:foundation-android:1.10.4 (extracted file: C:\Users\Dell\.gradle\caches\9.5.0\transforms\e94df3b7b2344efeaf9b2192c612a310\transformed\foundation\proguard.txt)
# The proguard configuration file for the following section is androidx.compose.ui:ui-unit-android:1.10.4 (extracted file: C:\Users\Dell\.gradle\caches\9.5.0\transforms\1e13d8e2c41e2f558bfc11faceaf15d6\transformed\ui-unit\proguard.txt)
# Copyright (C) 2020 The Android Open Source Project
#
# Licensed under the Apache License, Version 2.0 (the "License");
# you may not use this file except in compliance with the License.
# You may obtain a copy of the License at
#
#      http://www.apache.org/licenses/LICENSE-2.0
#
# Unless required by applicable law or agreed to in writing, software
# distributed under the License is distributed on an "AS IS" BASIS,
# WITHOUT WARRANTIES OR CONDITIONS OF ANY KIND, either express or implied.
# See the License for the specific language governing permissions and
# limitations under the License.

# Keep all the functions created to throw an exception. We don't want these functions to be
# inlined in any way, which R8 will do by default. The whole point of these functions is to
# reduce the amount of code generated at the call site.
-keepclassmembers,allowshrinking,allowobfuscation class androidx.compose.**.* {
    static void throw*Exception(...);
    static void throw*ExceptionForNullCheck(...);
    # For methods returning Nothing
    static java.lang.Void throw*Exception(...);
    static java.lang.Void throw*ExceptionForNullCheck(...);
}

# End of content from androidx.compose.ui:ui-unit-android:1.10.4 (extracted file: C:\Users\Dell\.gradle\caches\9.5.0\transforms\1e13d8e2c41e2f558bfc11faceaf15d6\transformed\ui-unit\proguard.txt)
# The proguard configuration file for the following section is androidx.compose.ui:ui-geometry-android:1.10.4 (extracted file: C:\Users\Dell\.gradle\caches\9.5.0\transforms\eb26f4f70633f4f18fe42c8ba4d736d6\transformed\ui-geometry\proguard.txt)
# Intentionally empty proguard rules to indicate this library is safe to shrink

# End of content from androidx.compose.ui:ui-geometry-android:1.10.4 (extracted file: C:\Users\Dell\.gradle\caches\9.5.0\transforms\eb26f4f70633f4f18fe42c8ba4d736d6\transformed\ui-geometry\proguard.txt)
# The proguard configuration file for the following section is androidx.compose.ui:ui-util-android:1.10.4 (extracted file: C:\Users\Dell\.gradle\caches\9.5.0\transforms\d202e1f5153f5eb89bc31f347bb31200\transformed\ui-util\proguard.txt)
# Copyright (C) 2020 The Android Open Source Project
#
# Licensed under the Apache License, Version 2.0 (the "License");
# you may not use this file except in compliance with the License.
# You may obtain a copy of the License at
#
#      http://www.apache.org/licenses/LICENSE-2.0
#
# Unless required by applicable law or agreed to in writing, software
# distributed under the License is distributed on an "AS IS" BASIS,
# WITHOUT WARRANTIES OR CONDITIONS OF ANY KIND, either express or implied.
# See the License for the specific language governing permissions and
# limitations under the License.

# Keep all the functions created to throw an exception. We don't want these functions to be
# inlined in any way, which R8 will do by default. The whole point of these functions is to
# reduce the amount of code generated at the call site.
-keepclassmembers,allowshrinking,allowobfuscation class androidx.compose.**.* {
    static void throw*Exception(...);
    static void throw*ExceptionForNullCheck(...);
    # For methods returning Nothing
    static java.lang.Void throw*Exception(...);
    static java.lang.Void throw*ExceptionForNullCheck(...);
}

# End of content from androidx.compose.ui:ui-util-android:1.10.4 (extracted file: C:\Users\Dell\.gradle\caches\9.5.0\transforms\d202e1f5153f5eb89bc31f347bb31200\transformed\ui-util\proguard.txt)
# The proguard configuration file for the following section is androidx.compose.ui:ui-text-android:1.10.4 (extracted file: C:\Users\Dell\.gradle\caches\9.5.0\transforms\c685db397365f124a84aee5eed30cab5\transformed\ui-text\proguard.txt)
# Copyright (C) 2020 The Android Open Source Project
#
# Licensed under the Apache License, Version 2.0 (the "License");
# you may not use this file except in compliance with the License.
# You may obtain a copy of the License at
#
#      http://www.apache.org/licenses/LICENSE-2.0
#
# Unless required by applicable law or agreed to in writing, software
# distributed under the License is distributed on an "AS IS" BASIS,
# WITHOUT WARRANTIES OR CONDITIONS OF ANY KIND, either express or implied.
# See the License for the specific language governing permissions and
# limitations under the License.

# Keep all the functions created to throw an exception. We don't want these functions to be
# inlined in any way, which R8 will do by default. The whole point of these functions is to
# reduce the amount of code generated at the call site.
-keepclassmembers,allowshrinking,allowobfuscation class androidx.compose.**.* {
    static void throw*Exception(...);
    static void throw*ExceptionForNullCheck(...);
    # For methods returning Nothing
    static java.lang.Void throw*Exception(...);
    static java.lang.Void throw*ExceptionForNullCheck(...);
}

# End of content from androidx.compose.ui:ui-text-android:1.10.4 (extracted file: C:\Users\Dell\.gradle\caches\9.5.0\transforms\c685db397365f124a84aee5eed30cab5\transformed\ui-text\proguard.txt)
# The proguard configuration file for the following section is androidx.compose.ui:ui-tooling-preview-android:1.10.4 (extracted file: C:\Users\Dell\.gradle\caches\9.5.0\transforms\2b90998e947802d83e032132c3a8b966\transformed\ui-tooling-preview\proguard.txt)
# Intentionally empty proguard rules to indicate this library is safe to shrink

# End of content from androidx.compose.ui:ui-tooling-preview-android:1.10.4 (extracted file: C:\Users\Dell\.gradle\caches\9.5.0\transforms\2b90998e947802d83e032132c3a8b966\transformed\ui-tooling-preview\proguard.txt)
# The proguard configuration file for the following section is androidx.compose.ui:ui-graphics-android:1.10.4 (extracted file: C:\Users\Dell\.gradle\caches\9.5.0\transforms\b20cfbc766e90b639602baaf3f03cc09\transformed\ui-graphics\proguard.txt)
# Copyright (C) 2020 The Android Open Source Project
#
# Licensed under the Apache License, Version 2.0 (the "License");
# you may not use this file except in compliance with the License.
# You may obtain a copy of the License at
#
#      http://www.apache.org/licenses/LICENSE-2.0
#
# Unless required by applicable law or agreed to in writing, software
# distributed under the License is distributed on an "AS IS" BASIS,
# WITHOUT WARRANTIES OR CONDITIONS OF ANY KIND, either express or implied.
# See the License for the specific language governing permissions and
# limitations under the License.

# Keep all the functions created to throw an exception. We don't want these functions to be
# inlined in any way, which R8 will do by default. The whole point of these functions is to
# reduce the amount of code generated at the call site.
-keepclassmembers,allowshrinking,allowobfuscation class androidx.compose.**.* {
    static void throw*Exception(...);
    static void throw*ExceptionForNullCheck(...);
    # For methods returning Nothing
    static java.lang.Void throw*Exception(...);
    static java.lang.Void throw*ExceptionForNullCheck(...);
}
-keepclassmembers class androidx.compose.ui.graphics.layer.view.ViewLayerContainer {
    protected void dispatchGetDisplayList();
}
-keepclassmembers class androidx.compose.ui.graphics.layer.view.PlaceholderHardwareCanvas {
    public int drawRenderNode(...);
    public boolean isHardwareAccelerated();
}

# End of content from androidx.compose.ui:ui-graphics-android:1.10.4 (extracted file: C:\Users\Dell\.gradle\caches\9.5.0\transforms\b20cfbc766e90b639602baaf3f03cc09\transformed\ui-graphics\proguard.txt)
# The proguard configuration file for the following section is androidx.navigationevent:navigationevent-android:1.0.0 (extracted file: C:\Users\Dell\.gradle\caches\9.5.0\transforms\3ba34320a597695ebf2ce1e2e8eaba93\transformed\navigationevent\proguard.txt)
# Intentionally empty proguard rules to indicate this library is safe to shrink

# End of content from androidx.navigationevent:navigationevent-android:1.0.0 (extracted file: C:\Users\Dell\.gradle\caches\9.5.0\transforms\3ba34320a597695ebf2ce1e2e8eaba93\transformed\navigationevent\proguard.txt)
# The proguard configuration file for the following section is androidx.navigationevent:navigationevent-compose-android:1.0.0 (extracted file: C:\Users\Dell\.gradle\caches\9.5.0\transforms\810990d8acbe35b1429afbdf1c23c1bb\transformed\navigationevent-compose\proguard.txt)
# Intentionally empty proguard rules to indicate this library is safe to shrink

# End of content from androidx.navigationevent:navigationevent-compose-android:1.0.0 (extracted file: C:\Users\Dell\.gradle\caches\9.5.0\transforms\810990d8acbe35b1429afbdf1c23c1bb\transformed\navigationevent-compose\proguard.txt)