TaskFlow/SecurityRelease/app/build/outputs/mapping/release/seeds.txt
androidx.core.view.WindowInsetsCompat$Impl20: void setTypeMaxBoundingRectsMap(android.graphics.Rect[][])
androidx.compose.ui.node.LayoutNode: java.lang.String exceptionMessageForParentingOrOwnership(androidx.compose.ui.node.LayoutNode)
com.google.gson.internal.bind.JsonAdapterAnnotationTypeAdapterFactory$DummyTypeAdapterFactory: JsonAdapterAnnotationTypeAdapterFactory$DummyTypeAdapterFactory()
androidx.compose.ui.text.internal.InlineClassHelperKt: java.lang.Void throwIllegalStateExceptionForNullCheck(java.lang.String)
androidx.compose.ui.text.internal.InlineClassHelperKt: java.lang.Void throwIllegalArgumentExceptionForNullCheck(java.lang.String)
androidx.compose.ui.platform.AndroidComposeView: int getImportantForAutofill()
androidx.core.view.WindowInsetsCompat$Impl35: java.util.List getBoundingRects(int)
androidx.lifecycle.LegacySavedStateHandleController$OnRecreation: LegacySavedStateHandleController$OnRecreation()
androidx.compose.ui.node.TraversableNode$Companion$TraverseDescendantsAction: androidx.compose.ui.node.TraversableNode$Companion$TraverseDescendantsAction valueOf(java.lang.String)
androidx.graphics.path.ConicConverter: int internalConicToQuadratics(float[],int,float[],float,float)
androidx.graphics.path.PathIteratorPreApi34Impl: void destroyInternalPathIterator(long)
kotlinx.coroutines.scheduling.CoroutineScheduler$WorkerState: kotlinx.coroutines.scheduling.CoroutineScheduler$WorkerState valueOf(java.lang.String)
androidx.core.view.WindowInsetsCompat$Impl: boolean isConsumed()
androidx.compose.foundation.layout.internal.InlineClassHelperKt: void throwIllegalStateException(java.lang.String)
androidx.core.view.WindowInsetsCompat$Impl20: void loadReflectionField()
androidx.compose.ui.graphics.AndroidPath_androidKt: void throwIllegalStateException(java.lang.String)
androidx.lifecycle.EmptyActivityLifecycleCallbacks: void onActivityPaused(android.app.Activity)
com.google.gson.ToNumberPolicy: com.google.gson.ToNumberPolicy valueOf(java.lang.String)
androidx.core.view.WindowInsetsCompat$Impl: androidx.core.graphics.Insets getStableInsets()
okhttp3.internal.http2.ErrorCode: okhttp3.internal.http2.ErrorCode[] values()
androidx.window.area.reflectionguard.ExtensionWindowAreaPresentationRequirements: void setPresentationView(android.view.View)
androidx.compose.ui.platform.ComposeView: void getShouldCreateCompositionOnAttachedToWindow$annotations()
com.google.gson.Gson$FutureTypeAdapter: Gson$FutureTypeAdapter()
com.example.securityrelease.data.model.User: int component1()
androidx.core.view.WindowInsetsCompat$Impl: void initTypeBoundingRectsMaps()
androidx.core.view.WindowInsetsCompat$BuilderImpl: void setMandatorySystemGestureInsets(androidx.core.graphics.Insets)
androidx.compose.ui.text.style.ResolvedTextDirection: androidx.compose.ui.text.style.ResolvedTextDirection[] values()
androidx.compose.foundation.gestures.Orientation: androidx.compose.foundation.gestures.Orientation[] values()
com.example.securityrelease.data.model.Post: int getId()
com.google.gson.internal.bind.JsonElementTypeAdapter: JsonElementTypeAdapter()
androidx.core.view.ViewCompat$Api21Impl$1: android.view.WindowInsets onApplyWindowInsets(android.view.View,android.view.WindowInsets)
androidx.core.view.WindowInsetsCompat$Impl: void setRootViewData(androidx.core.graphics.Insets)
androidx.core.view.WindowInsetsCompat$Impl20: WindowInsetsCompat$Impl20(androidx.core.view.WindowInsetsCompat,android.view.WindowInsets)
androidx.core.app.RemoteActionCompatParcelizer: androidx.core.app.RemoteActionCompat read(androidx.versionedparcelable.VersionedParcel)
androidx.lifecycle.ReportFragment$LifecycleCallbacks: void onActivityPostCreated(android.app.Activity,android.os.Bundle)
androidx.core.view.WindowInsetsCompat$BuilderImpl34: WindowInsetsCompat$BuilderImpl34()
androidx.compose.runtime.collection.MutableVectorKt: void throwListIndexOutOfBoundsException(int,int)