TaskFlow/SecurityRelease/app/build/outputs/mapping/release/mapping.txt
# compiler: R8
# compiler_version: 9.3.16
# min_api: 24
# common_typos_disable
# {"id":"com.android.tools.r8.mapping","version":"2.2"}
# pg_map_id: ece14569c9e018905497c6759feb931628220dfd87035c589c2f410660be618a
# pg_map_hash: SHA-256 ece14569c9e018905497c6759feb931628220dfd87035c589c2f410660be618a
...
androidx.activity.FullyDrawnReporter -> rp:
# {"id":"sourceFile","fileName":"FullyDrawnReporter.kt"}
    java.lang.Object lock -> a
    boolean reportedFullyDrawn -> b
    java.util.List onReportCallbacks -> c
      # {"id":"com.android.tools.r8.residualsignature","signature":"Ljava/util/ArrayList;"}
    4:6:void <init>(java.util.concurrent.Executor,kotlin.jvm.functions.Function0):52:52 -> <init>
      # {"id":"com.android.tools.r8.residualsignature","signature":"(Ljava/util/concurrent/Executor;Lae;)V"}
    7:13:void <init>(java.util.concurrent.Executor,kotlin.jvm.functions.Function0):56:56 -> <init>
    14:21:void <init>(java.util.concurrent.Executor,kotlin.jvm.functions.Function0):73:73 -> <init>
androidx.activity.OnBackPressedDispatcher -> c80:
# {"id":"sourceFile","fileName":"OnBackPressedDispatcher.kt"}
    java.lang.Runnable fallbackOnBackPressed -> a
      # {"id":"com.android.tools.r8.residualsignature","signature":"Lv2;"}
    kotlin.Lazy eventInput$delegate -> b
      # {"id":"com.android.tools.r8.residualsignature","signature":"Lsp0;"}
    1:3:void <init>(java.lang.Runnable,androidx.core.util.Consumer):70:70 -> <init>
    1:3:void <init>(java.lang.Runnable):94 -> <init>
      # {"id":"com.android.tools.r8.residualsignature","signature":"(Lv2;)V"}
    4:5:void <init>(java.lang.Runnable,androidx.core.util.Consumer):71:71 -> <init>
    4:5:void <init>(java.lang.Runnable):94 -> <init>
    6:11:void <init>(java.lang.Runnable,androidx.core.util.Consumer):81:81 -> <init>
    6:11:void <init>(java.lang.Runnable):94 -> <init>
    12:16:kotlin.Lazy kotlin.LazyKt__LazyJVMKt.lazy(kotlin.jvm.functions.Function0):26:26 -> <init>
    12:16:void <init>(java.lang.Runnable,androidx.core.util.Consumer):81 -> <init>
    12:16:void <init>(java.lang.Runnable):94 -> <init>
    17:19:void <init>(java.lang.Runnable,androidx.core.util.Consumer):81:81 -> <init>
    17:19:void <init>(java.lang.Runnable):94 -> <init>
androidx.activity.OnBackPressedDispatcher$OnBackPressedEventInput -> b80:
# {"id":"sourceFile","fileName":"OnBackPressedDispatcher.kt"}
    androidx.navigationevent.NavigationEventDispatcher dispatcher -> c
      # {"id":"com.android.tools.r8.residualsignature","signature":"Lr6;"}
    1:3:void androidx.navigationevent.NavigationEventInput.<init>():42:42 -> <init>
    1:3:void <init>(androidx.activity.OnBackPressedDispatcher):264 -> <init>
      # {"id":"com.android.tools.r8.residualsignature","signature":"(Lc80;)V"}
    4:11:void <init>(androidx.activity.OnBackPressedDispatcher):273:273 -> <init>
    12:14:void androidx.navigationevent.NavigationEventDispatcher.<init>(androidx.navigationevent.NavigationEventDispatcher,androidx.navigationevent.OnBackCompletedFallback):58:58 -> <init>
    12:14:void androidx.navigationevent.NavigationEventDispatcher.<init>(androidx.navigationevent.OnBackCompletedFallback):86 -> <init>
    12:14:void <init>(androidx.activity.OnBackPressedDispatcher):273 -> <init>
    15:16:void androidx.navigationevent.NavigationEventDispatcher.<init>(androidx.navigationevent.NavigationEventDispatcher,androidx.navigationevent.OnBackCompletedFallback):60:60 -> <init>
    15:16:void androidx.navigationevent.NavigationEventDispatcher.<init>(androidx.navigationevent.OnBackCompletedFallback):86 -> <init>
    15:16:void <init>(androidx.activity.OnBackPressedDispatcher):273 -> <init>
androidx.activity.ViewTreeFullyDrawnReporterOwner -> R8$$REMOVED$$CLASS$$2:
# {"id":"sourceFile","fileName":"ViewTreeFullyLoadedReporterOwner.kt"}
androidx.activity.ViewTreeOnBackPressedDispatcherOwner -> R8$$REMOVED$$CLASS$$3:
# {"id":"sourceFile","fileName":"ViewTreeOnBackPressedDispatcherOwner.kt"}
androidx.activity.compose.ComponentActivityKt -> ke:
# {"id":"sourceFile","fileName":"ComponentActivity.kt"}
    android.view.ViewGroup$LayoutParams DefaultActivityContentLayoutParams -> a
    1:9:void <clinit>():77:77 -> <clinit>