TaskFlow/SecurityRelease/app/build/outputs/mapping/release/usage.txt
androidx.compose.material3.internal.BasicEdgeToEdgeDialog_androidKt$BasicEdgeToEdgeDialog$lambda$9$lambda$8$$inlined$onDispose$1
androidx.compose.material3.internal.BasicEdgeToEdgeDialog_androidKt$WhenMappings
androidx.compose.material3.internal.BasicEdgeToEdgeDialog_androidKt
androidx.compose.material3.internal.BasicTooltipDefaults
androidx.compose.material3.internal.BasicTooltipKt$BasicTooltipBox$lambda$4$lambda$3$$inlined$onDispose$1
androidx.compose.material3.internal.BasicTooltipKt$TooltipPopup$1$1$1
androidx.compose.material3.internal.BasicTooltipKt$TooltipPopup$2
androidx.compose.material3.internal.BasicTooltipKt$anchorSemantics$1$1$1
androidx.compose.material3.internal.BasicTooltipKt$handleGestures$1$1$1$1
androidx.compose.material3.internal.BasicTooltipKt$handleGestures$1$1$1$3$1
androidx.compose.material3.internal.BasicTooltipKt$handleGestures$1$1$1$3
androidx.compose.material3.internal.BasicTooltipKt$handleGestures$1$1$1
androidx.compose.material3.internal.BasicTooltipKt$handleGestures$1$1
androidx.compose.material3.internal.BasicTooltipKt$handleGestures$1
androidx.compose.material3.internal.BasicTooltipKt$handleGestures$2$1$1$1
androidx.compose.material3.internal.BasicTooltipKt$handleGestures$2$1$1
androidx.compose.material3.internal.BasicTooltipKt$handleGestures$2$1
androidx.compose.material3.internal.BasicTooltipKt$handleGestures$2
androidx.compose.material3.internal.BasicTooltipKt$keyboardBehavior$1$1
androidx.compose.material3.internal.BasicTooltipKt$keyboardBehavior$2
androidx.compose.material3.internal.BasicTooltipKt
androidx.compose.material3.internal.BasicTooltipStateImpl$show$2$1
androidx.compose.material3.internal.BasicTooltipStateImpl$show$2
androidx.compose.material3.internal.BasicTooltipStateImpl$show$cancellableShow$1
androidx.compose.material3.internal.BasicTooltipStateImpl
androidx.compose.material3.internal.BasicTooltipStrings
androidx.compose.material3.internal.CalendarDate
androidx.compose.material3.internal.CalendarModel
androidx.compose.material3.internal.CalendarModelImpl$Companion
androidx.compose.material3.internal.CalendarModelImpl$EntriesMappings
androidx.compose.material3.internal.CalendarModelImpl
androidx.compose.material3.internal.CalendarModelKt
androidx.compose.material3.internal.CalendarModel_androidKt
androidx.compose.material3.internal.CalendarMonth
androidx.compose.material3.internal.ChildParentSemanticsKt:
    public static final androidx.compose.ui.Modifier parentSemantics(androidx.compose.ui.Modifier,kotlin.jvm.functions.Function1)
androidx.compose.material3.internal.ChildSemanticsNode:
    public static final int $stable
    public final kotlin.jvm.functions.Function1 getProperties()
androidx.compose.material3.internal.ChildSemanticsNodeElement:
    public static final int $stable
    public final kotlin.jvm.functions.Function1 getProperties()
    public void inspectableProperties(androidx.compose.ui.platform.InspectorInfo)
androidx.compose.material3.internal.ComposableSingletons$BasicEdgeToEdgeDialog_androidKt$lambda$453789431$1
androidx.compose.material3.internal.ComposableSingletons$BasicEdgeToEdgeDialog_androidKt
androidx.compose.material3.internal.DateInputFormat
androidx.compose.material3.internal.DefaultPlatformTextStyle_androidKt:
    private static final boolean DefaultIncludeFontPadding
    private static synthetic void getDefaultPlatformTextStyle$annotations()
androidx.compose.material3.internal.DialogLayout
androidx.compose.material3.internal.DialogWrapper$1$2
androidx.compose.material3.internal.DialogWrapper$WhenMappings
androidx.compose.material3.internal.DialogWrapper
androidx.compose.material3.internal.DragGestureDetectorCopyKt$awaitHorizontalPointerSlopOrCancellation$1
androidx.compose.material3.internal.DragGestureDetectorCopyKt
androidx.compose.material3.internal.DraggableAnchors
androidx.compose.material3.internal.DraggableAnchorsConfig
androidx.compose.material3.internal.DraggableAnchorsElement$inspectableProperties$$inlined$debugInspectorInfo$1